d:\modding pt. 2\modern sonic adventure 2 - developer assets\code\modern-sa2-dll-master\my-mod\release\modernsa2.pch
d:\modding pt. 2\modern sonic adventure 2 - developer assets\code\modern-sa2-dll-master\my-mod\release\vc143.pdb
d:\modding pt. 2\modern sonic adventure 2 - developer assets\code\modern-sa2-dll-master\my-mod\release\pch.obj
d:\modding pt. 2\modern sonic adventure 2 - developer assets\code\modern-sa2-dll-master\my-mod\release\trampoline.obj
d:\modding pt. 2\modern sonic adventure 2 - developer assets\code\modern-sa2-dll-master\my-mod\release\stdafx.obj
d:\modding pt. 2\modern sonic adventure 2 - developer assets\code\modern-sa2-dll-master\my-mod\release\msa2code.obj
d:\modding pt. 2\modern sonic adventure 2 - developer assets\code\modern-sa2-dll-master\my-mod\release\modelinfo.obj
d:\modding pt. 2\modern sonic adventure 2 - developer assets\code\modern-sa2-dll-master\my-mod\release\msa2-maincode.obj
d:\modding pt. 2\modern sonic adventure 2 - developer assets\code\modern-sa2-dll-master\my-mod\release\landtableinfo.obj
d:\modding pt. 2\modern sonic adventure 2 - developer assets\code\modern-sa2-dll-master\my-mod\release\gameobject.obj
d:\modding pt. 2\modern sonic adventure 2 - developer assets\code\modern-sa2-dll-master\my-mod\release\dllmain.obj
d:\modding pt. 2\modern sonic adventure 2 - developer assets\code\modern-sa2-dll-master\my-mod\release\animationfile.obj
d:\modding pt. 2\modern sonic adventure 2 - developer assets\code\modern-sa2-dll-master\my-mod\release\footstepaudio.obj
d:\modding pt. 2\modern sonic adventure 2 - developer assets\code\modern-sa2-dll-master\release\modernsa2.lib
d:\modding pt. 2\modern sonic adventure 2 - developer assets\code\modern-sa2-dll-master\release\modernsa2.exp
d:\modding pt. 2\modern sonic adventure 2 - developer assets\code\modern-sa2-dll-master\my-mod\release\animation.obj
d:\modding pt. 2\modern sonic adventure 2 - developer assets\code\modern-sa2-dll-master\my-mod\release\animation_common_reroute_speeps.obj
d:\modding pt. 2\modern sonic adventure 2 - developer assets\code\modern-sa2-dll-master\my-mod\release\mod.obj
d:\modding pt. 2\modern sonic adventure 2 - developer assets\code\modern-sa2-dll-master\my-mod\release\plcomreroutespeeps.obj
d:\modding pt. 2\modern sonic adventure 2 - developer assets\code\modern-sa2-dll-master\my-mod\release\modernsa2.ipdb
d:\modding pt. 2\modern sonic adventure 2 - developer assets\code\modern-sa2-dll-master\my-mod\release\my-mod.ipdb
d:\modding pt. 2\modern sonic adventure 2 - developer assets\code\modern-sa2-dll-master\my-mod\release\modernsa2.iobj
d:\modding pt. 2\modern sonic adventure 2 - developer assets\code\modern-sa2-dll-master\my-mod\release\my-mod.iobj
d:\modding pt. 2\modern sonic adventure 2 - developer assets\code\modern-sa2-dll-master\my-mod\release\my-mod.pch
d:\modding pt. 2\modern sonic adventure 2 - developer assets\code\modern-sa2-dll-master\release\modernsa2.pdb
d:\modding pt. 2\modern sonic adventure 2 - developer assets\code\modern-sa2-dll-master\my-mod\release\modernsa2.tlog\cl.command.1.tlog
d:\modding pt. 2\modern sonic adventure 2 - developer assets\code\modern-sa2-dll-master\my-mod\release\modernsa2.tlog\cl.read.1.tlog
d:\modding pt. 2\modern sonic adventure 2 - developer assets\code\modern-sa2-dll-master\my-mod\release\modernsa2.tlog\cl.write.1.tlog
d:\modding pt. 2\modern sonic adventure 2 - developer assets\code\modern-sa2-dll-master\my-mod\release\modernsa2.tlog\link.command.1.tlog
d:\modding pt. 2\modern sonic adventure 2 - developer assets\code\modern-sa2-dll-master\my-mod\release\modernsa2.tlog\link.delete.1.tlog
d:\modding pt. 2\modern sonic adventure 2 - developer assets\code\modern-sa2-dll-master\my-mod\release\modernsa2.tlog\link.read.1.tlog
d:\modding pt. 2\modern sonic adventure 2 - developer assets\code\modern-sa2-dll-master\my-mod\release\modernsa2.tlog\link.write.1.tlog
d:\modding pt. 2\modern sonic adventure 2 - developer assets\code\modern-sa2-dll-master\my-mod\release\modernsa2.tlog\link.write.2u.tlog
